<?xml version="1.0" encoding="UTF-8"?>
<!-- Generated by org.testng.reporters.JUnitXMLReporter -->
<testsuite ignored="0" hostname="LAPTOP-R47CCG0J" failures="3" tests="3" name="Class" time="7.641" errors="0" timestamp="2023-02-23T16:18:43 IST">
  <testcase classname="testNgPack.Test1Class" name="test1" time="0.125">
    <failure type="java.lang.NoSuchMethodError" message="&amp;apos;void org.openqa.selenium.support.PageFactory.initElements(org.openqa.selenium.WebDriver, java.lang.Object)&amp;apos;">
      <![CDATA[java.lang.NoSuchMethodError: 'void org.openqa.selenium.support.PageFactory.initElements(org.openqa.selenium.WebDriver, java.lang.Object)'
at pomClasses.BaseClass.<init>(BaseClass.java:12)
at pomClasses.JobsRegisterPage.<init>(JobsRegisterPage.java:11)
at testNgPack.Test1Class.test1(Test1Class.java:64)
at java.base/java.util.ArrayList.forEach(ArrayList.java:1511)
... Removed 25 stack frames]]>
    </failure>
  </testcase> <!-- test1 -->
  <testcase classname="testNgPack.Test1Class" name="test2" time="0.004">
    <failure type="java.lang.NoSuchMethodError" message="&amp;apos;void org.openqa.selenium.support.PageFactory.initElements(org.openqa.selenium.WebDriver, java.lang.Object)&amp;apos;">
      <![CDATA[java.lang.NoSuchMethodError: 'void org.openqa.selenium.support.PageFactory.initElements(org.openqa.selenium.WebDriver, java.lang.Object)'
at pomClasses.BaseClass.<init>(BaseClass.java:12)
at pomClasses.JobsRegisterPage.<init>(JobsRegisterPage.java:11)
at testNgPack.Test1Class.test2(Test1Class.java:102)
at java.base/java.util.ArrayList.forEach(ArrayList.java:1511)
... Removed 25 stack frames]]>
    </failure>
  </testcase> <!-- test2 -->
  <testcase classname="testNgPack.Test1Class" name="test3" time="0.002">
    <failure type="java.lang.NoSuchMethodError" message="&amp;apos;void org.openqa.selenium.support.PageFactory.initElements(org.openqa.selenium.WebDriver, java.lang.Object)&amp;apos;">
      <![CDATA[java.lang.NoSuchMethodError: 'void org.openqa.selenium.support.PageFactory.initElements(org.openqa.selenium.WebDriver, java.lang.Object)'
at pomClasses.BaseClass.<init>(BaseClass.java:12)
at pomClasses.JobsRegisterPage.<init>(JobsRegisterPage.java:11)
at testNgPack.Test1Class.test3(Test1Class.java:134)
at java.base/java.util.ArrayList.forEach(ArrayList.java:1511)
... Removed 25 stack frames]]>
    </failure>
  </testcase> <!-- test3 -->
</testsuite> <!-- Class -->
