<?xml version="1.0" encoding="UTF-8"?>
<!-- Generated by org.testng.reporters.JUnitXMLReporter -->
<testsuite ignored="0" hostname="LAPTOP-R47CCG0J" failures="3" tests="3" name="Chrome" time="13.492" errors="0" timestamp="23 Feb 2023 09:39:46 GMT">
  <testcase classname="testNgPack.Test1Class" name="test1" time="0.02">
    <failure type="java.lang.NoSuchMethodError" message="&amp;apos;void org.openqa.selenium.support.PageFactory.initElements(org.openqa.selenium.WebDriver, java.lang.Object)&amp;apos;">
      <![CDATA[java.lang.NoSuchMethodError: 'void org.openqa.selenium.support.PageFactory.initElements(org.openqa.selenium.WebDriver, java.lang.Object)'
at pomClasses.JobsRegisterPage.<init>(JobsRegisterPage.java:39)
at testNgPack.Test1Class.test1(Test1Class.java:64)
... Removed 23 stack frames]]>
    </failure>
  </testcase> <!-- test1 -->
  <testcase classname="testNgPack.Test1Class" name="test2" time="0.001">
    <failure type="java.lang.NoSuchMethodError" message="&amp;apos;void org.openqa.selenium.support.PageFactory.initElements(org.openqa.selenium.WebDriver, java.lang.Object)&amp;apos;">
      <![CDATA[java.lang.NoSuchMethodError: 'void org.openqa.selenium.support.PageFactory.initElements(org.openqa.selenium.WebDriver, java.lang.Object)'
at pomClasses.JobsRegisterPage.<init>(JobsRegisterPage.java:39)
at testNgPack.Test1Class.test2(Test1Class.java:102)
... Removed 23 stack frames]]>
    </failure>
  </testcase> <!-- test2 -->
  <testcase classname="testNgPack.Test1Class" name="test3" time="0.001">
    <failure type="java.lang.NoSuchMethodError" message="&amp;apos;void org.openqa.selenium.support.PageFactory.initElements(org.openqa.selenium.WebDriver, java.lang.Object)&amp;apos;">
      <![CDATA[java.lang.NoSuchMethodError: 'void org.openqa.selenium.support.PageFactory.initElements(org.openqa.selenium.WebDriver, java.lang.Object)'
at pomClasses.JobsRegisterPage.<init>(JobsRegisterPage.java:39)
at testNgPack.Test1Class.test3(Test1Class.java:134)
... Removed 23 stack frames]]>
    </failure>
  </testcase> <!-- test3 -->
</testsuite> <!-- Chrome -->
